18:15:21 INFO  : Processing command line option -hwspec /home/fel/Vivado_Projects/wSumIntegration/wSumIntegration.sdk/design_1_wrapper.hdf.
18:15:36 INFO  : Launching XSDB server: xsdb -s /opt/Xilinx/SDK/2014.4/scripts/xsdb/xsdb/xsdb-server.tcl 2450
08:49:20 INFO  : Processing command line option -hwspec /home/fel/Vivado_Projects/wSumIntegration/wSumIntegration.sdk/design_1_wrapper.hdf.
08:49:24 INFO  : Launching XSDB server: xsdb -s /opt/Xilinx/SDK/2014.4/scripts/xsdb/xsdb/xsdb-server.tcl 2450
08:49:24 INFO  : Checking for hwspec changes in the project design_1_wrapper_hw_platform_0.
09:07:06 INFO  : FPGA configured successfully with bitstream "/home/fel/Vivado_Projects/wSumIntegration/wSumIntegration.sdk/design_1_wrapper_hw_platform_0/design_1_wrapper.bit"
09:07:12 ERROR : Unexpected error while launching program.
java.lang.RuntimeException: Error while running ps7_init method.
Cannot Read from target


    MMU section translation fault

	at com.xilinx.sdk.targetmanager.internal.TM.run_ps7_init(TM.java:1069)
	at com.xilinx.sdk.debug.core.XilinxAppLaunchConfigurationDelegate.runTargetSetup(XilinxAppLaunchConfigurationDelegate.java:482)
	at com.xilinx.sdk.debug.core.XilinxAppLaunchConfigurationDelegate.runApplication(XilinxAppLaunchConfigurationDelegate.java:584)
	at com.xilinx.sdk.debug.core.XilinxAppLaunchConfigurationDelegate.launch(XilinxAppLaunchConfigurationDelegate.java:293)
	at com.xilinx.sdk.debug.ui.XilinxAppLaunchDelegateWrapper.launch(XilinxAppLaunchDelegateWrapper.java:31)
	at org.eclipse.debug.internal.core.LaunchConfiguration.launch(LaunchConfiguration.java:858)
	at org.eclipse.debug.internal.core.LaunchConfiguration.launch(LaunchConfiguration.java:707)
	at org.eclipse.debug.internal.ui.DebugUIPlugin.buildAndLaunch(DebugUIPlugin.java:1018)
	at org.eclipse.debug.internal.ui.DebugUIPlugin$8.run(DebugUIPlugin.java:1222)
	at org.eclipse.core.internal.jobs.Worker.run(Worker.java:53)
09:07:33 ERROR : Unexpected error while launching program.
java.lang.RuntimeException: Error while running ps7_init method.
Cannot Read from target


    MMU section translation fault

	at com.xilinx.sdk.targetmanager.internal.TM.run_ps7_init(TM.java:1069)
	at com.xilinx.sdk.debug.core.XilinxAppLaunchConfigurationDelegate.runTargetSetup(XilinxAppLaunchConfigurationDelegate.java:482)
	at com.xilinx.sdk.debug.core.XilinxAppLaunchConfigurationDelegate.runApplication(XilinxAppLaunchConfigurationDelegate.java:584)
	at com.xilinx.sdk.debug.core.XilinxAppLaunchConfigurationDelegate.launch(XilinxAppLaunchConfigurationDelegate.java:293)
	at com.xilinx.sdk.debug.ui.XilinxAppLaunchDelegateWrapper.launch(XilinxAppLaunchDelegateWrapper.java:31)
	at org.eclipse.debug.internal.core.LaunchConfiguration.launch(LaunchConfiguration.java:858)
	at org.eclipse.debug.internal.core.LaunchConfiguration.launch(LaunchConfiguration.java:707)
	at org.eclipse.debug.internal.ui.DebugUIPlugin.buildAndLaunch(DebugUIPlugin.java:1018)
	at org.eclipse.debug.internal.ui.DebugUIPlugin$8.run(DebugUIPlugin.java:1222)
	at org.eclipse.core.internal.jobs.Worker.run(Worker.java:53)
09:07:57 INFO  : System reset is completed.
09:07:59 INFO  : FPGA configured successfully with bitstream "/home/fel/Vivado_Projects/wSumIntegration/wSumIntegration.sdk/design_1_wrapper_hw_platform_0/design_1_wrapper.bit"
09:08:01 INFO  : ps7_init is completed.
09:08:01 INFO  : ps7_post_config is completed.
09:18:01 INFO  : System reset is completed.
09:18:23 ERROR : FPGA Configuration failed.Failed to download the bit file

    Failed to verify DONE bit after configuring FPGA


09:18:23 ERROR : Exception occured while running Program FPGA.
java.lang.RuntimeException: Failed to download the bit file

    Failed to verify DONE bit after configuring FPGA


09:18:23 ERROR : Unexpected error while launching program.
java.lang.RuntimeException: Failed to download the bit file

    Failed to verify DONE bit after configuring FPGA


	at com.xilinx.sdk.debug.core.XilinxAppLaunchConfigurationDelegate.runTargetSetup(XilinxAppLaunchConfigurationDelegate.java:454)
	at com.xilinx.sdk.debug.core.XilinxAppLaunchConfigurationDelegate.runApplication(XilinxAppLaunchConfigurationDelegate.java:584)
	at com.xilinx.sdk.debug.core.XilinxAppLaunchConfigurationDelegate.launch(XilinxAppLaunchConfigurationDelegate.java:293)
	at com.xilinx.sdk.debug.ui.XilinxAppLaunchDelegateWrapper.launch(XilinxAppLaunchDelegateWrapper.java:31)
	at org.eclipse.debug.internal.core.LaunchConfiguration.launch(LaunchConfiguration.java:858)
	at org.eclipse.debug.internal.core.LaunchConfiguration.launch(LaunchConfiguration.java:707)
	at org.eclipse.debug.internal.ui.DebugUIPlugin.buildAndLaunch(DebugUIPlugin.java:1018)
	at org.eclipse.debug.internal.ui.DebugUIPlugin$8.run(DebugUIPlugin.java:1222)
	at org.eclipse.core.internal.jobs.Worker.run(Worker.java:53)
09:19:29 INFO  : Time out for XMD transaction is 60000
If you want to increase the timeout value, goto Windows-> Preferences -> Xilinx SDK -> XMD Startup
09:19:29 ERROR : Timeout occured while waiting to get reply for command "xconnect arm hw -cable type xilinx_tcf url TCP:127.0.0.1:3121 -debugdevice cpunr 1"
09:19:29 ERROR : Unexpected error while launching program.
com.xilinx.sdk.targetmanager.TMException: 
	at com.xilinx.sdk.targetmanager.internal.TM.connectToProcessor(TM.java:481)
	at com.xilinx.sdk.debug.core.XilinxAppLaunchConfigurationDelegate.runTargetSetup(XilinxAppLaunchConfigurationDelegate.java:432)
	at com.xilinx.sdk.debug.core.XilinxAppLaunchConfigurationDelegate.runApplication(XilinxAppLaunchConfigurationDelegate.java:584)
	at com.xilinx.sdk.debug.core.XilinxAppLaunchConfigurationDelegate.launch(XilinxAppLaunchConfigurationDelegate.java:293)
	at com.xilinx.sdk.debug.ui.XilinxAppLaunchDelegateWrapper.launch(XilinxAppLaunchDelegateWrapper.java:31)
	at org.eclipse.debug.internal.core.LaunchConfiguration.launch(LaunchConfiguration.java:858)
	at org.eclipse.debug.internal.core.LaunchConfiguration.launch(LaunchConfiguration.java:707)
	at org.eclipse.debug.internal.ui.DebugUIPlugin.buildAndLaunch(DebugUIPlugin.java:1018)
	at org.eclipse.debug.internal.ui.DebugUIPlugin$8.run(DebugUIPlugin.java:1222)
	at org.eclipse.core.internal.jobs.Worker.run(Worker.java:53)
09:20:42 INFO  : Time out for XMD transaction is 60000
If you want to increase the timeout value, goto Windows-> Preferences -> Xilinx SDK -> XMD Startup
09:20:42 ERROR : Timeout occured while waiting to get reply for command "source /home/fel/Vivado_Projects/wSumIntegration/wSumIntegration.sdk/design_1_wrapper_hw_platform_0/ps7_init.tcl"
09:20:42 ERROR : Unexpected error while launching program.
java.lang.RuntimeException: Error while sourcing /home/fel/Vivado_Projects/wSumIntegration/wSumIntegration.sdk/design_1_wrapper_hw_platform_0/ps7_init.tcl : 
	at com.xilinx.sdk.targetmanager.internal.TM.sourceTcl(TM.java:1001)
	at com.xilinx.sdk.debug.core.XilinxAppLaunchConfigurationDelegate.runTargetSetup(XilinxAppLaunchConfigurationDelegate.java:409)
	at com.xilinx.sdk.debug.core.XilinxAppLaunchConfigurationDelegate.runApplication(XilinxAppLaunchConfigurationDelegate.java:584)
	at com.xilinx.sdk.debug.core.XilinxAppLaunchConfigurationDelegate.launch(XilinxAppLaunchConfigurationDelegate.java:293)
	at com.xilinx.sdk.debug.ui.XilinxAppLaunchDelegateWrapper.launch(XilinxAppLaunchDelegateWrapper.java:31)
	at org.eclipse.debug.internal.core.LaunchConfiguration.launch(LaunchConfiguration.java:858)
	at org.eclipse.debug.internal.core.LaunchConfiguration.launch(LaunchConfiguration.java:707)
	at org.eclipse.debug.internal.ui.DebugUIPlugin.buildAndLaunch(DebugUIPlugin.java:1018)
	at org.eclipse.debug.internal.ui.DebugUIPlugin$8.run(DebugUIPlugin.java:1222)
	at org.eclipse.core.internal.jobs.Worker.run(Worker.java:53)
09:33:46 INFO  : Time out for XMD transaction is 60000
If you want to increase the timeout value, goto Windows-> Preferences -> Xilinx SDK -> XMD Startup
09:33:46 ERROR : Timeout occured while waiting to get reply for command "source /home/fel/Vivado_Projects/wSumIntegration/wSumIntegration.sdk/design_1_wrapper_hw_platform_0/ps7_init.tcl"
09:33:46 ERROR : Unexpected error while launching program.
java.lang.RuntimeException: Error while sourcing /home/fel/Vivado_Projects/wSumIntegration/wSumIntegration.sdk/design_1_wrapper_hw_platform_0/ps7_init.tcl : 
	at com.xilinx.sdk.targetmanager.internal.TM.sourceTcl(TM.java:1001)
	at com.xilinx.sdk.debug.core.XilinxAppLaunchConfigurationDelegate.runTargetSetup(XilinxAppLaunchConfigurationDelegate.java:409)
	at com.xilinx.sdk.debug.core.XilinxAppLaunchConfigurationDelegate.runApplication(XilinxAppLaunchConfigurationDelegate.java:584)
	at com.xilinx.sdk.debug.core.XilinxAppLaunchConfigurationDelegate.launch(XilinxAppLaunchConfigurationDelegate.java:293)
	at com.xilinx.sdk.debug.ui.XilinxAppLaunchDelegateWrapper.launch(XilinxAppLaunchDelegateWrapper.java:31)
	at org.eclipse.debug.internal.core.LaunchConfiguration.launch(LaunchConfiguration.java:858)
	at org.eclipse.debug.internal.core.LaunchConfiguration.launch(LaunchConfiguration.java:707)
	at org.eclipse.debug.internal.ui.DebugUIPlugin.buildAndLaunch(DebugUIPlugin.java:1018)
	at org.eclipse.debug.internal.ui.DebugUIPlugin$8.run(DebugUIPlugin.java:1222)
	at org.eclipse.core.internal.jobs.Worker.run(Worker.java:53)
09:35:02 INFO  : Time out for XMD transaction is 60000
If you want to increase the timeout value, goto Windows-> Preferences -> Xilinx SDK -> XMD Startup
09:35:02 ERROR : Timeout occured while waiting to get reply for command "source /home/fel/Vivado_Projects/wSumIntegration/wSumIntegration.sdk/design_1_wrapper_hw_platform_0/ps7_init.tcl"
09:35:02 ERROR : Unexpected error while launching program.
java.lang.RuntimeException: Error while sourcing /home/fel/Vivado_Projects/wSumIntegration/wSumIntegration.sdk/design_1_wrapper_hw_platform_0/ps7_init.tcl : 
	at com.xilinx.sdk.targetmanager.internal.TM.sourceTcl(TM.java:1001)
	at com.xilinx.sdk.debug.core.XilinxAppLaunchConfigurationDelegate.runTargetSetup(XilinxAppLaunchConfigurationDelegate.java:409)
	at com.xilinx.sdk.debug.core.XilinxAppLaunchConfigurationDelegate.runApplication(XilinxAppLaunchConfigurationDelegate.java:584)
	at com.xilinx.sdk.debug.core.XilinxAppLaunchConfigurationDelegate.launch(XilinxAppLaunchConfigurationDelegate.java:293)
	at com.xilinx.sdk.debug.ui.XilinxAppLaunchDelegateWrapper.launch(XilinxAppLaunchDelegateWrapper.java:31)
	at org.eclipse.debug.internal.core.LaunchConfiguration.launch(LaunchConfiguration.java:858)
	at org.eclipse.debug.internal.core.LaunchConfiguration.launch(LaunchConfiguration.java:707)
	at org.eclipse.debug.internal.ui.DebugUIPlugin.buildAndLaunch(DebugUIPlugin.java:1018)
	at org.eclipse.debug.internal.ui.DebugUIPlugin$8.run(DebugUIPlugin.java:1222)
	at org.eclipse.core.internal.jobs.Worker.run(Worker.java:53)
09:37:18 INFO  : Time out for XMD transaction is 60000
If you want to increase the timeout value, goto Windows-> Preferences -> Xilinx SDK -> XMD Startup
09:37:18 ERROR : Timeout occured while waiting to get reply for command "source /home/fel/Vivado_Projects/wSumIntegration/wSumIntegration.sdk/design_1_wrapper_hw_platform_0/ps7_init.tcl"
09:37:18 ERROR : Unexpected error while launching program.
java.lang.RuntimeException: Error while sourcing /home/fel/Vivado_Projects/wSumIntegration/wSumIntegration.sdk/design_1_wrapper_hw_platform_0/ps7_init.tcl : 
	at com.xilinx.sdk.targetmanager.internal.TM.sourceTcl(TM.java:1001)
	at com.xilinx.sdk.debug.core.XilinxAppLaunchConfigurationDelegate.runTargetSetup(XilinxAppLaunchConfigurationDelegate.java:409)
	at com.xilinx.sdk.debug.core.XilinxAppLaunchConfigurationDelegate.runApplication(XilinxAppLaunchConfigurationDelegate.java:584)
	at com.xilinx.sdk.debug.core.XilinxAppLaunchConfigurationDelegate.launch(XilinxAppLaunchConfigurationDelegate.java:293)
	at com.xilinx.sdk.debug.ui.XilinxAppLaunchDelegateWrapper.launch(XilinxAppLaunchDelegateWrapper.java:31)
	at org.eclipse.debug.internal.core.LaunchConfiguration.launch(LaunchConfiguration.java:858)
	at org.eclipse.debug.internal.core.LaunchConfiguration.launch(LaunchConfiguration.java:707)
	at org.eclipse.debug.internal.ui.DebugUIPlugin.buildAndLaunch(DebugUIPlugin.java:1018)
	at org.eclipse.debug.internal.ui.DebugUIPlugin$8.run(DebugUIPlugin.java:1222)
	at org.eclipse.core.internal.jobs.Worker.run(Worker.java:53)
09:45:14 INFO  : Time out for XMD transaction is 60000
If you want to increase the timeout value, goto Windows-> Preferences -> Xilinx SDK -> XMD Startup
09:45:14 ERROR : Timeout occured while waiting to get reply for command "source /home/fel/Vivado_Projects/wSumIntegration/wSumIntegration.sdk/design_1_wrapper_hw_platform_0/ps7_init.tcl"
09:45:14 ERROR : Unexpected error while launching program.
java.lang.RuntimeException: Error while sourcing /home/fel/Vivado_Projects/wSumIntegration/wSumIntegration.sdk/design_1_wrapper_hw_platform_0/ps7_init.tcl : 
	at com.xilinx.sdk.targetmanager.internal.TM.sourceTcl(TM.java:1001)
	at com.xilinx.sdk.debug.core.XilinxAppLaunchConfigurationDelegate.runTargetSetup(XilinxAppLaunchConfigurationDelegate.java:409)
	at com.xilinx.sdk.debug.core.XilinxAppLaunchConfigurationDelegate.runApplication(XilinxAppLaunchConfigurationDelegate.java:584)
	at com.xilinx.sdk.debug.core.XilinxAppLaunchConfigurationDelegate.launch(XilinxAppLaunchConfigurationDelegate.java:293)
	at com.xilinx.sdk.debug.ui.XilinxAppLaunchDelegateWrapper.launch(XilinxAppLaunchDelegateWrapper.java:31)
	at org.eclipse.debug.internal.core.LaunchConfiguration.launch(LaunchConfiguration.java:858)
	at org.eclipse.debug.internal.core.LaunchConfiguration.launch(LaunchConfiguration.java:707)
	at org.eclipse.debug.internal.ui.DebugUIPlugin.buildAndLaunch(DebugUIPlugin.java:1018)
	at org.eclipse.debug.internal.ui.DebugUIPlugin$8.run(DebugUIPlugin.java:1222)
	at org.eclipse.core.internal.jobs.Worker.run(Worker.java:53)
09:45:28 ERROR : Unexpected error while fetching XMD's response: 
java.net.SocketException: Connection reset
	at java.net.SocketInputStream.read(SocketInputStream.java:189)
	at java.net.SocketInputStream.read(SocketInputStream.java:121)
	at sun.nio.cs.StreamDecoder.readBytes(StreamDecoder.java:284)
	at sun.nio.cs.StreamDecoder.implRead(StreamDecoder.java:326)
	at sun.nio.cs.StreamDecoder.read(StreamDecoder.java:178)
	at java.io.InputStreamReader.read(InputStreamReader.java:184)
	at java.io.BufferedReader.fill(BufferedReader.java:161)
	at java.io.BufferedReader.read(BufferedReader.java:182)
	at com.xilinx.sdk.targetmanager.internal.json.XMDJSONProcess$CommandResultsReader.run(XMDJSONProcess.java:332)
	at java.lang.Thread.run(Thread.java:745)
09:45:28 ERROR : Zero sized response read from XMD. This indicates a communication error or a programming error.
09:50:48 INFO  : Processing command line option -hwspec /home/fel/Vivado_Projects/wSumIntegration/wSumIntegration.sdk/design_1_wrapper.hdf.
09:50:49 INFO  : Launching XSDB server: xsdb -s /opt/Xilinx/SDK/2014.4/scripts/xsdb/xsdb/xsdb-server.tcl 2450
09:50:50 INFO  : Checking for hwspec changes in the project design_1_wrapper_hw_platform_0.
09:52:12 INFO  : Time out for XMD transaction is 60000
If you want to increase the timeout value, goto Windows-> Preferences -> Xilinx SDK -> XMD Startup
09:52:12 ERROR : Timeout occured while waiting to get reply for command "xconnect arm hw -cable type xilinx_tcf url TCP:127.0.0.1:3121 -debugdevice cpunr 1"
09:52:12 ERROR : Unexpected error while launching program.
com.xilinx.sdk.targetmanager.TMException: 
	at com.xilinx.sdk.targetmanager.internal.TM.connectToProcessor(TM.java:481)
	at com.xilinx.sdk.debug.core.XilinxAppLaunchConfigurationDelegate.runTargetSetup(XilinxAppLaunchConfigurationDelegate.java:432)
	at com.xilinx.sdk.debug.core.XilinxAppLaunchConfigurationDelegate.runApplication(XilinxAppLaunchConfigurationDelegate.java:584)
	at com.xilinx.sdk.debug.core.XilinxAppLaunchConfigurationDelegate.launch(XilinxAppLaunchConfigurationDelegate.java:293)
	at com.xilinx.sdk.debug.ui.XilinxAppLaunchDelegateWrapper.launch(XilinxAppLaunchDelegateWrapper.java:31)
	at org.eclipse.debug.internal.core.LaunchConfiguration.launch(LaunchConfiguration.java:858)
	at org.eclipse.debug.internal.core.LaunchConfiguration.launch(LaunchConfiguration.java:707)
	at org.eclipse.debug.internal.ui.DebugUIPlugin.buildAndLaunch(DebugUIPlugin.java:1018)
	at org.eclipse.debug.internal.ui.DebugUIPlugin$8.run(DebugUIPlugin.java:1222)
	at org.eclipse.core.internal.jobs.Worker.run(Worker.java:53)
09:56:54 ERROR : Unexpected error while parsing XMD response ￿: com.google.gson.JsonSyntaxException: com.google.gson.stream.MalformedJsonException: invalid number or unquoted string near 
10:32:13 INFO  : Processing command line option -hwspec /home/fel/Vivado_Projects/wSumIntegration/wSumIntegration.sdk/design_1_wrapper.hdf.
10:32:18 INFO  : Launching XSDB server: xsdb -s /opt/Xilinx/SDK/2014.4/scripts/xsdb/xsdb/xsdb-server.tcl 2450
10:32:19 INFO  : Checking for hwspec changes in the project design_1_wrapper_hw_platform_0.
10:35:44 INFO  : System reset is completed.
10:35:47 INFO  : FPGA configured successfully with bitstream "/home/fel/Vivado_Projects/wSumIntegration/wSumIntegration.sdk/design_1_wrapper_hw_platform_0/design_1_wrapper.bit"
10:35:50 INFO  : ps7_init is completed.
10:35:50 INFO  : ps7_post_config is completed.
10:36:16 ERROR : Unexpected error while launching program.
com.xilinx.sdk.targetmanager.TMException: 
    Unknown Error Occured
    Cable is not powered-on

	at com.xilinx.sdk.targetmanager.internal.TM.connectToProcessor(TM.java:481)
	at com.xilinx.sdk.debug.core.XilinxAppLaunchConfigurationDelegate.runTargetSetup(XilinxAppLaunchConfigurationDelegate.java:432)
	at com.xilinx.sdk.debug.core.XilinxAppLaunchConfigurationDelegate.runApplication(XilinxAppLaunchConfigurationDelegate.java:584)
	at com.xilinx.sdk.debug.core.XilinxAppLaunchConfigurationDelegate.launch(XilinxAppLaunchConfigurationDelegate.java:293)
	at com.xilinx.sdk.debug.ui.XilinxAppLaunchDelegateWrapper.launch(XilinxAppLaunchDelegateWrapper.java:31)
	at org.eclipse.debug.internal.core.LaunchConfiguration.launch(LaunchConfiguration.java:858)
	at org.eclipse.debug.internal.core.LaunchConfiguration.launch(LaunchConfiguration.java:707)
	at org.eclipse.debug.internal.ui.DebugUIPlugin.buildAndLaunch(DebugUIPlugin.java:1018)
	at org.eclipse.debug.internal.ui.DebugUIPlugin$8.run(DebugUIPlugin.java:1222)
	at org.eclipse.core.internal.jobs.Worker.run(Worker.java:53)
10:36:37 INFO  : System reset is completed.
10:36:39 INFO  : FPGA configured successfully with bitstream "/home/fel/Vivado_Projects/wSumIntegration/wSumIntegration.sdk/design_1_wrapper_hw_platform_0/design_1_wrapper.bit"
10:36:41 INFO  : ps7_init is completed.
10:36:41 INFO  : ps7_post_config is completed.
10:40:04 ERROR : Unexpected error while launching program.
com.xilinx.sdk.targetmanager.TMException: 
    Cannot access JTAG-DP: invalid ACK value (0x03, expected=0x02)

	at com.xilinx.sdk.targetmanager.internal.TM.connectToProcessor(TM.java:481)
	at com.xilinx.sdk.debug.core.XilinxAppLaunchConfigurationDelegate.runTargetSetup(XilinxAppLaunchConfigurationDelegate.java:432)
	at com.xilinx.sdk.debug.core.XilinxAppLaunchConfigurationDelegate.runApplication(XilinxAppLaunchConfigurationDelegate.java:584)
	at com.xilinx.sdk.debug.core.XilinxAppLaunchConfigurationDelegate.launch(XilinxAppLaunchConfigurationDelegate.java:293)
	at com.xilinx.sdk.debug.ui.XilinxAppLaunchDelegateWrapper.launch(XilinxAppLaunchDelegateWrapper.java:31)
	at org.eclipse.debug.internal.core.LaunchConfiguration.launch(LaunchConfiguration.java:858)
	at org.eclipse.debug.internal.core.LaunchConfiguration.launch(LaunchConfiguration.java:707)
	at org.eclipse.debug.internal.ui.DebugUIPlugin.buildAndLaunch(DebugUIPlugin.java:1018)
	at org.eclipse.debug.internal.ui.DebugUIPlugin$8.run(DebugUIPlugin.java:1222)
	at org.eclipse.core.internal.jobs.Worker.run(Worker.java:53)
10:40:12 ERROR : Unexpected error while launching program.
com.xilinx.sdk.targetmanager.TMException: 
    Failed to open Cable Node jsn-Zybo-210279655030A on TCP:127.0.0.1:3121


	at com.xilinx.sdk.targetmanager.internal.TM.connectToProcessor(TM.java:481)
	at com.xilinx.sdk.debug.core.XilinxAppLaunchConfigurationDelegate.runTargetSetup(XilinxAppLaunchConfigurationDelegate.java:432)
	at com.xilinx.sdk.debug.core.XilinxAppLaunchConfigurationDelegate.runApplication(XilinxAppLaunchConfigurationDelegate.java:584)
	at com.xilinx.sdk.debug.core.XilinxAppLaunchConfigurationDelegate.launch(XilinxAppLaunchConfigurationDelegate.java:293)
	at com.xilinx.sdk.debug.ui.XilinxAppLaunchDelegateWrapper.launch(XilinxAppLaunchDelegateWrapper.java:31)
	at org.eclipse.debug.internal.core.LaunchConfiguration.launch(LaunchConfiguration.java:858)
	at org.eclipse.debug.internal.core.LaunchConfiguration.launch(LaunchConfiguration.java:707)
	at org.eclipse.debug.internal.ui.DebugUIPlugin.buildAndLaunch(DebugUIPlugin.java:1018)
	at org.eclipse.debug.internal.ui.DebugUIPlugin$8.run(DebugUIPlugin.java:1222)
	at org.eclipse.core.internal.jobs.Worker.run(Worker.java:53)
10:40:18 INFO  : System reset is completed.
10:40:20 INFO  : FPGA configured successfully with bitstream "/home/fel/Vivado_Projects/wSumIntegration/wSumIntegration.sdk/design_1_wrapper_hw_platform_0/design_1_wrapper.bit"
10:40:23 INFO  : ps7_init is completed.
10:40:23 INFO  : ps7_post_config is completed.
11:10:38 ERROR : Unexpected error while parsing XMD response ￿: com.google.gson.JsonSyntaxException: com.google.gson.stream.MalformedJsonException: invalid number or unquoted string near 
11:12:35 INFO  : Processing command line option -hwspec /home/fel/Vivado_Projects/wSumIntegration/wSumIntegration.sdk/design_1_wrapper.hdf.
11:12:37 INFO  : Launching XSDB server: xsdb -s /opt/Xilinx/SDK/2014.4/scripts/xsdb/xsdb/xsdb-server.tcl 2450
11:12:38 INFO  : Checking for hwspec changes in the project design_1_wrapper_hw_platform_0.
11:12:47 ERROR :  [Hsi 55-1593] Current Hardware Design is not set.
11:25:00 INFO  : System reset is completed.
11:25:02 INFO  : FPGA configured successfully with bitstream "/home/fel/Vivado_Projects/wSumIntegration/wSumIntegration.sdk/design_1_wrapper_hw_platform_0/design_1_wrapper.bit"
11:25:04 INFO  : ps7_init is completed.
11:25:04 INFO  : ps7_post_config is completed.
11:27:26 INFO  : System reset is completed.
11:27:28 INFO  : FPGA configured successfully with bitstream "/home/fel/Vivado_Projects/wSumIntegration/wSumIntegration.sdk/design_1_wrapper_hw_platform_0/design_1_wrapper.bit"
11:27:31 INFO  : ps7_init is completed.
11:27:31 INFO  : ps7_post_config is completed.
11:33:35 INFO  : System reset is completed.
11:33:37 INFO  : FPGA configured successfully with bitstream "/home/fel/Vivado_Projects/wSumIntegration/wSumIntegration.sdk/design_1_wrapper_hw_platform_0/design_1_wrapper.bit"
11:33:40 INFO  : ps7_init is completed.
11:33:40 INFO  : ps7_post_config is completed.
11:34:29 ERROR : Unexpected error while launching program.
com.xilinx.sdk.targetmanager.TMException: 
    Cannot access JTAG-DP: invalid ACK value (0x03, expected=0x02)

	at com.xilinx.sdk.targetmanager.internal.TM.connectToProcessor(TM.java:481)
	at com.xilinx.sdk.debug.core.XilinxAppLaunchConfigurationDelegate.runTargetSetup(XilinxAppLaunchConfigurationDelegate.java:432)
	at com.xilinx.sdk.debug.core.XilinxAppLaunchConfigurationDelegate.runApplication(XilinxAppLaunchConfigurationDelegate.java:584)
	at com.xilinx.sdk.debug.core.XilinxAppLaunchConfigurationDelegate.launch(XilinxAppLaunchConfigurationDelegate.java:293)
	at com.xilinx.sdk.debug.ui.XilinxAppLaunchDelegateWrapper.launch(XilinxAppLaunchDelegateWrapper.java:31)
	at org.eclipse.debug.internal.core.LaunchConfiguration.launch(LaunchConfiguration.java:858)
	at org.eclipse.debug.internal.core.LaunchConfiguration.launch(LaunchConfiguration.java:707)
	at org.eclipse.debug.internal.ui.DebugUIPlugin.buildAndLaunch(DebugUIPlugin.java:1018)
	at org.eclipse.debug.internal.ui.DebugUIPlugin$8.run(DebugUIPlugin.java:1222)
	at org.eclipse.core.internal.jobs.Worker.run(Worker.java:53)
11:34:52 INFO  : System reset is completed.
11:34:54 INFO  : FPGA configured successfully with bitstream "/home/fel/Vivado_Projects/wSumIntegration/wSumIntegration.sdk/design_1_wrapper_hw_platform_0/design_1_wrapper.bit"
11:34:56 INFO  : ps7_init is completed.
11:34:56 INFO  : ps7_post_config is completed.
11:36:20 INFO  : System reset is completed.
11:36:22 INFO  : FPGA configured successfully with bitstream "/home/fel/Vivado_Projects/wSumIntegration/wSumIntegration.sdk/design_1_wrapper_hw_platform_0/design_1_wrapper.bit"
11:36:24 INFO  : ps7_init is completed.
11:36:24 INFO  : ps7_post_config is completed.
11:37:19 INFO  : System reset is completed.
11:37:21 INFO  : FPGA configured successfully with bitstream "/home/fel/Vivado_Projects/wSumIntegration/wSumIntegration.sdk/design_1_wrapper_hw_platform_0/design_1_wrapper.bit"
11:37:23 INFO  : ps7_init is completed.
11:37:23 INFO  : ps7_post_config is completed.
13:35:20 INFO  : SDK has detected change in the last modified timestamps for source hardware specification file Source:1450441783000,  Project:1450106523000
13:35:20 INFO  : Project design_1_wrapper_hw_platform_0's source hardware specification located at /home/fel/Vivado_Projects/wSumIntegration/wSumIntegration.sdk/design_1_wrapper.hdf is now different from the local copy.
		 The local copy will be replaced with the source specification and your workspace will be updated.
13:35:31 INFO  : Copied contents of /home/fel/Vivado_Projects/wSumIntegration/wSumIntegration.sdk/design_1_wrapper.hdf into /design_1_wrapper_hw_platform_0/system.hdf.
13:35:46 INFO  : Synchronizing projects in the workspace with the hardware platform specification changes.
13:35:56 INFO  : 
13:35:59 INFO  : Updating hardware inferred compiler options for sw.
13:35:59 INFO  : Clearing existing target manager status.
13:59:15 INFO  : System reset is completed.
13:59:17 INFO  : FPGA configured successfully with bitstream "/home/fel/Vivado_Projects/wSumIntegration/wSumIntegration.sdk/design_1_wrapper_hw_platform_0/design_1_wrapper.bit"
13:59:19 INFO  : ps7_init is completed.
13:59:20 INFO  : ps7_post_config is completed.
14:02:49 ERROR : Unexpected error while launching program.
com.xilinx.sdk.targetmanager.TMException: 
    Failed to open Cable Node jsn-Zybo-210279655030A on TCP:127.0.0.1:3121


	at com.xilinx.sdk.targetmanager.internal.TM.connectToProcessor(TM.java:481)
	at com.xilinx.sdk.debug.core.XilinxAppLaunchConfigurationDelegate.runTargetSetup(XilinxAppLaunchConfigurationDelegate.java:432)
	at com.xilinx.sdk.debug.core.XilinxAppLaunchConfigurationDelegate.runApplication(XilinxAppLaunchConfigurationDelegate.java:584)
	at com.xilinx.sdk.debug.core.XilinxAppLaunchConfigurationDelegate.launch(XilinxAppLaunchConfigurationDelegate.java:293)
	at com.xilinx.sdk.debug.ui.XilinxAppLaunchDelegateWrapper.launch(XilinxAppLaunchDelegateWrapper.java:31)
	at org.eclipse.debug.internal.core.LaunchConfiguration.launch(LaunchConfiguration.java:858)
	at org.eclipse.debug.internal.core.LaunchConfiguration.launch(LaunchConfiguration.java:707)
	at org.eclipse.debug.internal.ui.DebugUIPlugin.buildAndLaunch(DebugUIPlugin.java:1018)
	at org.eclipse.debug.internal.ui.DebugUIPlugin$8.run(DebugUIPlugin.java:1222)
	at org.eclipse.core.internal.jobs.Worker.run(Worker.java:53)
14:02:53 INFO  : System reset is completed.
14:02:55 INFO  : FPGA configured successfully with bitstream "/home/fel/Vivado_Projects/wSumIntegration/wSumIntegration.sdk/design_1_wrapper_hw_platform_0/design_1_wrapper.bit"
14:02:57 INFO  : ps7_init is completed.
14:02:57 INFO  : ps7_post_config is completed.
14:03:32 ERROR : Unexpected error while launching program.
com.xilinx.sdk.targetmanager.TMException: 
    Failed to open Cable Node jsn-Zybo-210279655030A on TCP:127.0.0.1:3121


	at com.xilinx.sdk.targetmanager.internal.TM.connectToProcessor(TM.java:481)
	at com.xilinx.sdk.debug.core.XilinxAppLaunchConfigurationDelegate.runTargetSetup(XilinxAppLaunchConfigurationDelegate.java:432)
	at com.xilinx.sdk.debug.core.XilinxAppLaunchConfigurationDelegate.runApplication(XilinxAppLaunchConfigurationDelegate.java:584)
	at com.xilinx.sdk.debug.core.XilinxAppLaunchConfigurationDelegate.launch(XilinxAppLaunchConfigurationDelegate.java:293)
	at com.xilinx.sdk.debug.ui.XilinxAppLaunchDelegateWrapper.launch(XilinxAppLaunchDelegateWrapper.java:31)
	at org.eclipse.debug.internal.core.LaunchConfiguration.launch(LaunchConfiguration.java:858)
	at org.eclipse.debug.internal.core.LaunchConfiguration.launch(LaunchConfiguration.java:707)
	at org.eclipse.debug.internal.ui.DebugUIPlugin.buildAndLaunch(DebugUIPlugin.java:1018)
	at org.eclipse.debug.internal.ui.DebugUIPlugin$8.run(DebugUIPlugin.java:1222)
	at org.eclipse.core.internal.jobs.Worker.run(Worker.java:53)
14:03:35 INFO  : System reset is completed.
14:03:37 INFO  : FPGA configured successfully with bitstream "/home/fel/Vivado_Projects/wSumIntegration/wSumIntegration.sdk/design_1_wrapper_hw_platform_0/design_1_wrapper.bit"
14:03:40 INFO  : ps7_init is completed.
14:03:40 INFO  : ps7_post_config is completed.
15:33:58 INFO  : SDK has detected change in the last modified timestamps for source hardware specification file Source:1450449209000,  Project:1450441783000
15:33:58 INFO  : Project design_1_wrapper_hw_platform_0's source hardware specification located at /home/fel/Vivado_Projects/wSumIntegration/wSumIntegration.sdk/design_1_wrapper.hdf is now different from the local copy.
		 The local copy will be replaced with the source specification and your workspace will be updated.
15:34:07 INFO  : Copied contents of /home/fel/Vivado_Projects/wSumIntegration/wSumIntegration.sdk/design_1_wrapper.hdf into /design_1_wrapper_hw_platform_0/system.hdf.
15:34:31 INFO  : Synchronizing projects in the workspace with the hardware platform specification changes.
15:34:48 INFO  : 
15:34:59 INFO  : Updating hardware inferred compiler options for sw.
15:34:59 INFO  : Clearing existing target manager status.
15:50:19 ERROR : Unexpected error while launching program.
com.xilinx.sdk.targetmanager.TMException: 
    Failed to open Cable Node jsn-Zybo-210279655030A on TCP:127.0.0.1:3121


	at com.xilinx.sdk.targetmanager.internal.TM.connectToProcessor(TM.java:481)
	at com.xilinx.sdk.debug.core.XilinxAppLaunchConfigurationDelegate.runTargetSetup(XilinxAppLaunchConfigurationDelegate.java:432)
	at com.xilinx.sdk.debug.core.XilinxAppLaunchConfigurationDelegate.runApplication(XilinxAppLaunchConfigurationDelegate.java:584)
	at com.xilinx.sdk.debug.core.XilinxAppLaunchConfigurationDelegate.launch(XilinxAppLaunchConfigurationDelegate.java:293)
	at com.xilinx.sdk.debug.ui.XilinxAppLaunchDelegateWrapper.launch(XilinxAppLaunchDelegateWrapper.java:31)
	at org.eclipse.debug.internal.core.LaunchConfiguration.launch(LaunchConfiguration.java:858)
	at org.eclipse.debug.internal.core.LaunchConfiguration.launch(LaunchConfiguration.java:707)
	at org.eclipse.debug.internal.ui.DebugUIPlugin.buildAndLaunch(DebugUIPlugin.java:1018)
	at org.eclipse.debug.internal.ui.DebugUIPlugin$8.run(DebugUIPlugin.java:1222)
	at org.eclipse.core.internal.jobs.Worker.run(Worker.java:53)
15:50:39 ERROR : Unexpected error while launching program.
com.xilinx.sdk.targetmanager.TMException: 
    Failed to open Cable Node jsn-Zybo-210279655030A on TCP:127.0.0.1:3121


	at com.xilinx.sdk.targetmanager.internal.TM.connectToProcessor(TM.java:481)
	at com.xilinx.sdk.debug.core.XilinxAppLaunchConfigurationDelegate.runTargetSetup(XilinxAppLaunchConfigurationDelegate.java:432)
	at com.xilinx.sdk.debug.core.XilinxAppLaunchConfigurationDelegate.runApplication(XilinxAppLaunchConfigurationDelegate.java:584)
	at com.xilinx.sdk.debug.core.XilinxAppLaunchConfigurationDelegate.launch(XilinxAppLaunchConfigurationDelegate.java:293)
	at com.xilinx.sdk.debug.ui.XilinxAppLaunchDelegateWrapper.launch(XilinxAppLaunchDelegateWrapper.java:31)
	at org.eclipse.debug.internal.core.LaunchConfiguration.launch(LaunchConfiguration.java:858)
	at org.eclipse.debug.internal.core.LaunchConfiguration.launch(LaunchConfiguration.java:707)
	at org.eclipse.debug.internal.ui.DebugUIPlugin.buildAndLaunch(DebugUIPlugin.java:1018)
	at org.eclipse.debug.internal.ui.DebugUIPlugin$8.run(DebugUIPlugin.java:1222)
	at org.eclipse.core.internal.jobs.Worker.run(Worker.java:53)
15:50:58 ERROR : Unexpected error while launching program.
com.xilinx.sdk.targetmanager.TMException: 
    Failed to open Cable Node jsn-Zybo-210279655030A on TCP:127.0.0.1:3121


	at com.xilinx.sdk.targetmanager.internal.TM.connectToProcessor(TM.java:481)
	at com.xilinx.sdk.debug.core.XilinxAppLaunchConfigurationDelegate.runTargetSetup(XilinxAppLaunchConfigurationDelegate.java:432)
	at com.xilinx.sdk.debug.core.XilinxAppLaunchConfigurationDelegate.runApplication(XilinxAppLaunchConfigurationDelegate.java:584)
	at com.xilinx.sdk.debug.core.XilinxAppLaunchConfigurationDelegate.launch(XilinxAppLaunchConfigurationDelegate.java:293)
	at com.xilinx.sdk.debug.ui.XilinxAppLaunchDelegateWrapper.launch(XilinxAppLaunchDelegateWrapper.java:31)
	at org.eclipse.debug.internal.core.LaunchConfiguration.launch(LaunchConfiguration.java:858)
	at org.eclipse.debug.internal.core.LaunchConfiguration.launch(LaunchConfiguration.java:707)
	at org.eclipse.debug.internal.ui.DebugUIPlugin.buildAndLaunch(DebugUIPlugin.java:1018)
	at org.eclipse.debug.internal.ui.DebugUIPlugin$8.run(DebugUIPlugin.java:1222)
	at org.eclipse.core.internal.jobs.Worker.run(Worker.java:53)
15:51:04 ERROR : Unexpected error while launching program.
com.xilinx.sdk.targetmanager.TMException: 
    Failed to open Cable Node jsn-Zybo-210279655030A on TCP:127.0.0.1:3121


	at com.xilinx.sdk.targetmanager.internal.TM.connectToProcessor(TM.java:481)
	at com.xilinx.sdk.debug.core.XilinxAppLaunchConfigurationDelegate.runTargetSetup(XilinxAppLaunchConfigurationDelegate.java:432)
	at com.xilinx.sdk.debug.core.XilinxAppLaunchConfigurationDelegate.runApplication(XilinxAppLaunchConfigurationDelegate.java:584)
	at com.xilinx.sdk.debug.core.XilinxAppLaunchConfigurationDelegate.launch(XilinxAppLaunchConfigurationDelegate.java:293)
	at com.xilinx.sdk.debug.ui.XilinxAppLaunchDelegateWrapper.launch(XilinxAppLaunchDelegateWrapper.java:31)
	at org.eclipse.debug.internal.core.LaunchConfiguration.launch(LaunchConfiguration.java:858)
	at org.eclipse.debug.internal.core.LaunchConfiguration.launch(LaunchConfiguration.java:707)
	at org.eclipse.debug.internal.ui.DebugUIPlugin.buildAndLaunch(DebugUIPlugin.java:1018)
	at org.eclipse.debug.internal.ui.DebugUIPlugin$8.run(DebugUIPlugin.java:1222)
	at org.eclipse.core.internal.jobs.Worker.run(Worker.java:53)
16:08:54 ERROR : Unexpected error while launching program.
com.xilinx.sdk.targetmanager.TMException: 
    Failed to open Cable Node jsn-Zybo-210279655030A on TCP:127.0.0.1:3121


	at com.xilinx.sdk.targetmanager.internal.TM.connectToProcessor(TM.java:481)
	at com.xilinx.sdk.debug.core.XilinxAppLaunchConfigurationDelegate.runTargetSetup(XilinxAppLaunchConfigurationDelegate.java:432)
	at com.xilinx.sdk.debug.core.XilinxAppLaunchConfigurationDelegate.runApplication(XilinxAppLaunchConfigurationDelegate.java:584)
	at com.xilinx.sdk.debug.core.XilinxAppLaunchConfigurationDelegate.launch(XilinxAppLaunchConfigurationDelegate.java:293)
	at com.xilinx.sdk.debug.ui.XilinxAppLaunchDelegateWrapper.launch(XilinxAppLaunchDelegateWrapper.java:31)
	at org.eclipse.debug.internal.core.LaunchConfiguration.launch(LaunchConfiguration.java:858)
	at org.eclipse.debug.internal.core.LaunchConfiguration.launch(LaunchConfiguration.java:707)
	at org.eclipse.debug.internal.ui.DebugUIPlugin.buildAndLaunch(DebugUIPlugin.java:1018)
	at org.eclipse.debug.internal.ui.DebugUIPlugin$8.run(DebugUIPlugin.java:1222)
	at org.eclipse.core.internal.jobs.Worker.run(Worker.java:53)
16:08:57 ERROR : Unexpected error while launching program.
com.xilinx.sdk.targetmanager.TMException: 
    Failed to open Cable Node jsn-Zybo-210279655030A on TCP:127.0.0.1:3121


	at com.xilinx.sdk.targetmanager.internal.TM.connectToProcessor(TM.java:481)
	at com.xilinx.sdk.debug.core.XilinxAppLaunchConfigurationDelegate.runTargetSetup(XilinxAppLaunchConfigurationDelegate.java:432)
	at com.xilinx.sdk.debug.core.XilinxAppLaunchConfigurationDelegate.runApplication(XilinxAppLaunchConfigurationDelegate.java:584)
	at com.xilinx.sdk.debug.core.XilinxAppLaunchConfigurationDelegate.launch(XilinxAppLaunchConfigurationDelegate.java:293)
	at com.xilinx.sdk.debug.ui.XilinxAppLaunchDelegateWrapper.launch(XilinxAppLaunchDelegateWrapper.java:31)
	at org.eclipse.debug.internal.core.LaunchConfiguration.launch(LaunchConfiguration.java:858)
	at org.eclipse.debug.internal.core.LaunchConfiguration.launch(LaunchConfiguration.java:707)
	at org.eclipse.debug.internal.ui.DebugUIPlugin.buildAndLaunch(DebugUIPlugin.java:1018)
	at org.eclipse.debug.internal.ui.DebugUIPlugin$8.run(DebugUIPlugin.java:1222)
	at org.eclipse.core.internal.jobs.Worker.run(Worker.java:53)
16:09:44 ERROR : Unexpected error while parsing XMD response ￿: com.google.gson.JsonSyntaxException: com.google.gson.stream.MalformedJsonException: invalid number or unquoted string near 
16:53:18 INFO  : Processing command line option -hwspec /home/fel/Vivado_Projects/wSumIntegration/wSumIntegration.sdk/design_1_wrapper.hdf.
16:53:19 INFO  : Launching XSDB server: xsdb -s /opt/Xilinx/SDK/2014.4/scripts/xsdb/xsdb/xsdb-server.tcl 2450
16:53:20 INFO  : Checking for hwspec changes in the project design_1_wrapper_hw_platform_0.
16:54:22 INFO  : System reset is completed.
16:54:28 INFO  : FPGA configured successfully with bitstream "/home/fel/Vivado_Projects/wSumIntegration/wSumIntegration.sdk/design_1_wrapper_hw_platform_0/design_1_wrapper.bit"
16:54:29 INFO  : ps7_init is completed.
16:54:30 INFO  : ps7_post_config is completed.
16:55:23 INFO  : System reset is completed.
16:55:25 INFO  : FPGA configured successfully with bitstream "/home/fel/Vivado_Projects/wSumIntegration/wSumIntegration.sdk/design_1_wrapper_hw_platform_0/design_1_wrapper.bit"
16:55:27 INFO  : ps7_init is completed.
16:55:27 INFO  : ps7_post_config is completed.
16:57:02 INFO  : System reset is completed.
16:57:04 INFO  : FPGA configured successfully with bitstream "/home/fel/Vivado_Projects/wSumIntegration/wSumIntegration.sdk/design_1_wrapper_hw_platform_0/design_1_wrapper.bit"
16:57:06 INFO  : ps7_init is completed.
16:57:06 INFO  : ps7_post_config is completed.
17:15:05 INFO  : SDK has detected change in the last modified timestamps for source hardware specification file Source:1450455255000,  Project:1450449209000
17:15:05 INFO  : Project design_1_wrapper_hw_platform_0's source hardware specification located at /home/fel/Vivado_Projects/wSumIntegration/wSumIntegration.sdk/design_1_wrapper.hdf is now different from the local copy.
		 The local copy will be replaced with the source specification and your workspace will be updated.
17:15:53 INFO  : Copied contents of /home/fel/Vivado_Projects/wSumIntegration/wSumIntegration.sdk/design_1_wrapper.hdf into /design_1_wrapper_hw_platform_0/system.hdf.
17:16:05 INFO  : Synchronizing projects in the workspace with the hardware platform specification changes.
17:16:15 INFO  : 
17:16:21 INFO  : Updating hardware inferred compiler options for sw.
17:16:24 INFO  : Clearing existing target manager status.
17:17:40 INFO  : System reset is completed.
17:17:42 INFO  : FPGA configured successfully with bitstream "/home/fel/Vivado_Projects/wSumIntegration/wSumIntegration.sdk/design_1_wrapper_hw_platform_0/design_1_wrapper.bit"
17:17:44 INFO  : ps7_init is completed.
17:17:44 INFO  : ps7_post_config is completed.
17:18:10 ERROR : Unexpected error while parsing XMD response ￿: com.google.gson.JsonSyntaxException: com.google.gson.stream.MalformedJsonException: invalid number or unquoted string near 
17:47:10 INFO  : Processing command line option -hwspec /home/fel/Vivado_Projects/wSumIntegration/wSumIntegration.sdk/design_1_wrapper.hdf.
17:47:12 INFO  : Launching XSDB server: xsdb -s /opt/Xilinx/SDK/2014.4/scripts/xsdb/xsdb/xsdb-server.tcl 2450
17:47:12 INFO  : Checking for hwspec changes in the project design_1_wrapper_hw_platform_0.
17:47:17 ERROR :  [Hsi 55-1593] Current Hardware Design is not set.
17:47:19 INFO  : SDK has detected change in the last modified timestamps for source hardware specification file Source:1450457139000,  Project:1450455255000
17:47:19 INFO  : The hardware specification for project 'design_1_wrapper_hw_platform_0' is different from /home/fel/Vivado_Projects/wSumIntegration/wSumIntegration.sdk/design_1_wrapper.hdf.
17:47:19 INFO  : Copied contents of /home/fel/Vivado_Projects/wSumIntegration/wSumIntegration.sdk/design_1_wrapper.hdf into /design_1_wrapper_hw_platform_0/system.hdf.
17:47:48 INFO  : Synchronizing projects in the workspace with the hardware platform specification changes.
17:47:49 INFO  : 
17:48:29 INFO  : Updating hardware inferred compiler options for sw.
17:48:31 INFO  : Clearing existing target manager status.
17:50:28 ERROR : Unexpected error while launching program.
com.xilinx.sdk.targetmanager.TMException: 
    Unknown Error Occured
    Cable is not connected to the host

	at com.xilinx.sdk.targetmanager.internal.TM.connectToProcessor(TM.java:481)
	at com.xilinx.sdk.debug.core.XilinxAppLaunchConfigurationDelegate.runTargetSetup(XilinxAppLaunchConfigurationDelegate.java:432)
	at com.xilinx.sdk.debug.core.XilinxAppLaunchConfigurationDelegate.runApplication(XilinxAppLaunchConfigurationDelegate.java:584)
	at com.xilinx.sdk.debug.core.XilinxAppLaunchConfigurationDelegate.launch(XilinxAppLaunchConfigurationDelegate.java:293)
	at com.xilinx.sdk.debug.ui.XilinxAppLaunchDelegateWrapper.launch(XilinxAppLaunchDelegateWrapper.java:31)
	at org.eclipse.debug.internal.core.LaunchConfiguration.launch(LaunchConfiguration.java:858)
	at org.eclipse.debug.internal.core.LaunchConfiguration.launch(LaunchConfiguration.java:707)
	at org.eclipse.debug.internal.ui.DebugUIPlugin.buildAndLaunch(DebugUIPlugin.java:1018)
	at org.eclipse.debug.internal.ui.DebugUIPlugin$8.run(DebugUIPlugin.java:1222)
	at org.eclipse.core.internal.jobs.Worker.run(Worker.java:53)
17:51:41 ERROR : Unexpected error while parsing XMD response ￿: com.google.gson.JsonSyntaxException: com.google.gson.stream.MalformedJsonException: invalid number or unquoted string near 
10:11:37 INFO  : Processing command line option -hwspec /home/fel/Vivado_Projects/wSumIntegration/wSumIntegration.sdk/design_1_wrapper.hdf.
10:11:41 INFO  : Launching XSDB server: xsdb -s /opt/Xilinx/SDK/2014.4/scripts/xsdb/xsdb/xsdb-server.tcl 2450
10:11:41 INFO  : Checking for hwspec changes in the project design_1_wrapper_hw_platform_0.
10:13:43 INFO  : System reset is completed.
10:13:45 INFO  : FPGA configured successfully with bitstream "/home/fel/Vivado_Projects/wSumIntegration/wSumIntegration.sdk/design_1_wrapper_hw_platform_0/design_1_wrapper.bit"
10:13:47 INFO  : ps7_init is completed.
10:13:47 INFO  : ps7_post_config is completed.
10:16:32 INFO  : System reset is completed.
10:16:34 INFO  : FPGA configured successfully with bitstream "/home/fel/Vivado_Projects/wSumIntegration/wSumIntegration.sdk/design_1_wrapper_hw_platform_0/design_1_wrapper.bit"
10:16:36 INFO  : ps7_init is completed.
10:16:36 INFO  : ps7_post_config is completed.
10:16:53 ERROR : Unexpected error while parsing XMD response ￿: com.google.gson.JsonSyntaxException: com.google.gson.stream.MalformedJsonException: invalid number or unquoted string near 
10:29:10 INFO  : Processing command line option -hwspec /home/fel/Vivado_Projects/wSumIntegration/wSumIntegration.sdk/design_1_wrapper.hdf.
10:29:35 INFO  : Launching XSDB server: xsdb -s /opt/Xilinx/SDK/2014.4/scripts/xsdb/xsdb/xsdb-server.tcl 2450
10:29:47 INFO  : Checking for hwspec changes in the project design_1_wrapper_hw_platform_0.
10:29:48 INFO  : SDK has detected change in the last modified timestamps for source hardware specification file Source:1450603726000,  Project:1450457139000
10:29:48 INFO  : The hardware specification for project 'design_1_wrapper_hw_platform_0' is different from /home/fel/Vivado_Projects/wSumIntegration/wSumIntegration.sdk/design_1_wrapper.hdf.
10:29:55 INFO  : Copied contents of /home/fel/Vivado_Projects/wSumIntegration/wSumIntegration.sdk/design_1_wrapper.hdf into /design_1_wrapper_hw_platform_0/system.hdf.
10:31:15 INFO  : Synchronizing projects in the workspace with the hardware platform specification changes.
10:31:42 INFO  : 
10:31:43 INFO  : Updating hardware inferred compiler options for sw.
10:31:43 INFO  : Clearing existing target manager status.
10:33:16 INFO  : System reset is completed.
10:33:19 INFO  : FPGA configured successfully with bitstream "/home/fel/Vivado_Projects/wSumIntegration/wSumIntegration.sdk/design_1_wrapper_hw_platform_0/design_1_wrapper.bit"
10:33:21 INFO  : ps7_init is completed.
10:33:21 INFO  : ps7_post_config is completed.
10:41:51 INFO  : System reset is completed.
10:41:53 INFO  : FPGA configured successfully with bitstream "/home/fel/Vivado_Projects/wSumIntegration/wSumIntegration.sdk/design_1_wrapper_hw_platform_0/design_1_wrapper.bit"
10:41:55 INFO  : ps7_init is completed.
10:42:01 ERROR : Unexpected error while launching program.
java.lang.RuntimeException: Error while running ps7_post_config method.
Cannot Read from target


    Cannot access JTAG-DP: invalid ACK value (0x00, expected=0x02)
    Error Address = 0xf8007080, Size = 0x00000004


	at com.xilinx.sdk.targetmanager.internal.TM.run_ps7_post_config(TM.java:1079)
	at com.xilinx.sdk.debug.core.XilinxAppLaunchConfigurationDelegate.runTargetSetup(XilinxAppLaunchConfigurationDelegate.java:486)
	at com.xilinx.sdk.debug.core.XilinxAppLaunchConfigurationDelegate.runApplication(XilinxAppLaunchConfigurationDelegate.java:584)
	at com.xilinx.sdk.debug.core.XilinxAppLaunchConfigurationDelegate.launch(XilinxAppLaunchConfigurationDelegate.java:293)
	at com.xilinx.sdk.debug.ui.XilinxAppLaunchDelegateWrapper.launch(XilinxAppLaunchDelegateWrapper.java:31)
	at org.eclipse.debug.internal.core.LaunchConfiguration.launch(LaunchConfiguration.java:858)
	at org.eclipse.debug.internal.core.LaunchConfiguration.launch(LaunchConfiguration.java:707)
	at org.eclipse.debug.internal.ui.DebugUIPlugin.buildAndLaunch(DebugUIPlugin.java:1018)
	at org.eclipse.debug.internal.ui.DebugUIPlugin$8.run(DebugUIPlugin.java:1222)
	at org.eclipse.core.internal.jobs.Worker.run(Worker.java:53)
10:42:07 INFO  : System reset is completed.
10:42:15 INFO  : FPGA configured successfully with bitstream "/home/fel/Vivado_Projects/wSumIntegration/wSumIntegration.sdk/design_1_wrapper_hw_platform_0/design_1_wrapper.bit"
10:42:17 INFO  : ps7_init is completed.
10:42:17 INFO  : ps7_post_config is completed.
10:52:32 INFO  : SDK has detected change in the last modified timestamps for source hardware specification file Source:1450605115000,  Project:1450603726000
10:52:32 INFO  : Project design_1_wrapper_hw_platform_0's source hardware specification located at /home/fel/Vivado_Projects/wSumIntegration/wSumIntegration.sdk/design_1_wrapper.hdf is now different from the local copy.
		 The local copy will be replaced with the source specification and your workspace will be updated.
10:52:34 INFO  : Copied contents of /home/fel/Vivado_Projects/wSumIntegration/wSumIntegration.sdk/design_1_wrapper.hdf into /design_1_wrapper_hw_platform_0/system.hdf.
10:52:48 INFO  : Synchronizing projects in the workspace with the hardware platform specification changes.
10:52:56 INFO  : 
10:52:57 INFO  : Updating hardware inferred compiler options for sw.
10:52:57 INFO  : Clearing existing target manager status.
11:02:57 INFO  : System reset is completed.
11:03:00 INFO  : FPGA configured successfully with bitstream "/home/fel/Vivado_Projects/wSumIntegration/wSumIntegration.sdk/design_1_wrapper_hw_platform_0/design_1_wrapper.bit"
11:03:02 INFO  : ps7_init is completed.
11:03:02 INFO  : ps7_post_config is completed.
11:18:25 INFO  : SDK has detected change in the last modified timestamps for source hardware specification file Source:1450606631000,  Project:1450605115000
11:18:25 INFO  : Project design_1_wrapper_hw_platform_0's source hardware specification located at /home/fel/Vivado_Projects/wSumIntegration/wSumIntegration.sdk/design_1_wrapper.hdf is now different from the local copy.
		 The local copy will be replaced with the source specification and your workspace will be updated.
11:57:41 INFO  : Copied contents of /home/fel/Vivado_Projects/wSumIntegration/wSumIntegration.sdk/design_1_wrapper.hdf into /design_1_wrapper_hw_platform_0/system.hdf.
11:58:16 INFO  : Synchronizing projects in the workspace with the hardware platform specification changes.
11:58:30 INFO  : 
11:58:31 INFO  : Updating hardware inferred compiler options for sw.
11:58:31 INFO  : Clearing existing target manager status.
12:15:32 INFO  : System reset is completed.
12:15:36 INFO  : FPGA configured successfully with bitstream "/home/fel/Vivado_Projects/wSumIntegration/wSumIntegration.sdk/design_1_wrapper_hw_platform_0/design_1_wrapper.bit"
12:15:39 INFO  : ps7_init is completed.
12:15:39 INFO  : ps7_post_config is completed.
12:16:10 ERROR : Unexpected error while parsing XMD response ￿: com.google.gson.JsonSyntaxException: com.google.gson.stream.MalformedJsonException: invalid number or unquoted string near 
09:45:14 INFO  : Processing command line option -hwspec /home/fel/Vivado_Projects/wSumIntegration/wSumIntegration.sdk/design_1_wrapper.hdf.
09:45:21 INFO  : Launching XSDB server: xsdb -s /opt/Xilinx/SDK/2014.4/scripts/xsdb/xsdb/xsdb-server.tcl 2450
09:45:22 INFO  : Checking for hwspec changes in the project design_1_wrapper_hw_platform_0.
09:45:22 INFO  : SDK has detected change in the last modified timestamps for source hardware specification file Source:1450686725000,  Project:1450606631000
09:45:22 INFO  : The hardware specification for project 'design_1_wrapper_hw_platform_0' is different from /home/fel/Vivado_Projects/wSumIntegration/wSumIntegration.sdk/design_1_wrapper.hdf.
09:45:30 INFO  : Copied contents of /home/fel/Vivado_Projects/wSumIntegration/wSumIntegration.sdk/design_1_wrapper.hdf into /design_1_wrapper_hw_platform_0/system.hdf.
09:45:59 INFO  : Synchronizing projects in the workspace with the hardware platform specification changes.
09:46:21 INFO  : 
09:46:30 INFO  : Updating hardware inferred compiler options for sw.
09:46:30 INFO  : Clearing existing target manager status.
10:04:58 INFO  : System reset is completed.
10:05:00 INFO  : FPGA configured successfully with bitstream "/home/fel/Vivado_Projects/wSumIntegration/wSumIntegration.sdk/design_1_wrapper_hw_platform_0/design_1_wrapper.bit"
10:05:02 INFO  : ps7_init is completed.
10:05:02 INFO  : ps7_post_config is completed.
10:06:38 ERROR : Unexpected error while launching program.
com.xilinx.sdk.targetmanager.TMException: 
    Unknown Error Occured
    Cable is not powered-on

	at com.xilinx.sdk.targetmanager.internal.TM.connectToProcessor(TM.java:481)
	at com.xilinx.sdk.debug.core.XilinxAppLaunchConfigurationDelegate.runTargetSetup(XilinxAppLaunchConfigurationDelegate.java:432)
	at com.xilinx.sdk.debug.core.XilinxAppLaunchConfigurationDelegate.runApplication(XilinxAppLaunchConfigurationDelegate.java:584)
	at com.xilinx.sdk.debug.core.XilinxAppLaunchConfigurationDelegate.launch(XilinxAppLaunchConfigurationDelegate.java:293)
	at com.xilinx.sdk.debug.ui.XilinxAppLaunchDelegateWrapper.launch(XilinxAppLaunchDelegateWrapper.java:31)
	at org.eclipse.debug.internal.core.LaunchConfiguration.launch(LaunchConfiguration.java:858)
	at org.eclipse.debug.internal.core.LaunchConfiguration.launch(LaunchConfiguration.java:707)
	at org.eclipse.debug.internal.ui.DebugUIPlugin.buildAndLaunch(DebugUIPlugin.java:1018)
	at org.eclipse.debug.internal.ui.DebugUIPlugin$8.run(DebugUIPlugin.java:1222)
	at org.eclipse.core.internal.jobs.Worker.run(Worker.java:53)
10:06:42 ERROR : Unexpected error while launching program.
com.xilinx.sdk.targetmanager.TMException: 
    Unknown Error Occured
    Cable is not powered-on

	at com.xilinx.sdk.targetmanager.internal.TM.connectToProcessor(TM.java:481)
	at com.xilinx.sdk.debug.core.XilinxAppLaunchConfigurationDelegate.runTargetSetup(XilinxAppLaunchConfigurationDelegate.java:432)
	at com.xilinx.sdk.debug.core.XilinxAppLaunchConfigurationDelegate.runApplication(XilinxAppLaunchConfigurationDelegate.java:584)
	at com.xilinx.sdk.debug.core.XilinxAppLaunchConfigurationDelegate.launch(XilinxAppLaunchConfigurationDelegate.java:293)
	at com.xilinx.sdk.debug.ui.XilinxAppLaunchDelegateWrapper.launch(XilinxAppLaunchDelegateWrapper.java:31)
	at org.eclipse.debug.internal.core.LaunchConfiguration.launch(LaunchConfiguration.java:858)
	at org.eclipse.debug.internal.core.LaunchConfiguration.launch(LaunchConfiguration.java:707)
	at org.eclipse.debug.internal.ui.DebugUIPlugin.buildAndLaunch(DebugUIPlugin.java:1018)
	at org.eclipse.debug.internal.ui.DebugUIPlugin$8.run(DebugUIPlugin.java:1222)
	at org.eclipse.core.internal.jobs.Worker.run(Worker.java:53)
10:07:02 INFO  : System reset is completed.
10:07:04 INFO  : FPGA configured successfully with bitstream "/home/fel/Vivado_Projects/wSumIntegration/wSumIntegration.sdk/design_1_wrapper_hw_platform_0/design_1_wrapper.bit"
10:07:06 INFO  : ps7_init is completed.
10:07:06 INFO  : ps7_post_config is completed.
10:07:53 INFO  : System reset is completed.
10:07:56 INFO  : FPGA configured successfully with bitstream "/home/fel/Vivado_Projects/wSumIntegration/wSumIntegration.sdk/design_1_wrapper_hw_platform_0/design_1_wrapper.bit"
10:07:58 INFO  : ps7_init is completed.
10:07:58 INFO  : ps7_post_config is completed.
10:10:18 INFO  : System reset is completed.
10:10:20 INFO  : FPGA configured successfully with bitstream "/home/fel/Vivado_Projects/wSumIntegration/wSumIntegration.sdk/design_1_wrapper_hw_platform_0/design_1_wrapper.bit"
10:10:22 INFO  : ps7_init is completed.
10:10:22 INFO  : ps7_post_config is completed.
10:12:27 ERROR : Unexpected error while launching program.
com.xilinx.sdk.targetmanager.TMException: 
    Unknown Error Occured
    Cable is not powered-on

	at com.xilinx.sdk.targetmanager.internal.TM.connectToProcessor(TM.java:481)
	at com.xilinx.sdk.debug.core.XilinxAppLaunchConfigurationDelegate.runTargetSetup(XilinxAppLaunchConfigurationDelegate.java:432)
	at com.xilinx.sdk.debug.core.XilinxAppLaunchConfigurationDelegate.runApplication(XilinxAppLaunchConfigurationDelegate.java:584)
	at com.xilinx.sdk.debug.core.XilinxAppLaunchConfigurationDelegate.launch(XilinxAppLaunchConfigurationDelegate.java:293)
	at com.xilinx.sdk.debug.ui.XilinxAppLaunchDelegateWrapper.launch(XilinxAppLaunchDelegateWrapper.java:31)
	at org.eclipse.debug.internal.core.LaunchConfiguration.launch(LaunchConfiguration.java:858)
	at org.eclipse.debug.internal.core.LaunchConfiguration.launch(LaunchConfiguration.java:707)
	at org.eclipse.debug.internal.ui.DebugUIPlugin.buildAndLaunch(DebugUIPlugin.java:1018)
	at org.eclipse.debug.internal.ui.DebugUIPlugin$8.run(DebugUIPlugin.java:1222)
	at org.eclipse.core.internal.jobs.Worker.run(Worker.java:53)
10:12:56 INFO  : System reset is completed.
10:12:58 INFO  : FPGA configured successfully with bitstream "/home/fel/Vivado_Projects/wSumIntegration/wSumIntegration.sdk/design_1_wrapper_hw_platform_0/design_1_wrapper.bit"
10:13:00 INFO  : ps7_init is completed.
10:13:00 INFO  : ps7_post_config is completed.
10:15:57 ERROR : Unexpected error while launching program.
com.xilinx.sdk.targetmanager.TMException: 
    Unknown Error Occured
    Cable is not powered-on

	at com.xilinx.sdk.targetmanager.internal.TM.connectToProcessor(TM.java:481)
	at com.xilinx.sdk.debug.core.XilinxAppLaunchConfigurationDelegate.runTargetSetup(XilinxAppLaunchConfigurationDelegate.java:432)
	at com.xilinx.sdk.debug.core.XilinxAppLaunchConfigurationDelegate.runApplication(XilinxAppLaunchConfigurationDelegate.java:584)
	at com.xilinx.sdk.debug.core.XilinxAppLaunchConfigurationDelegate.launch(XilinxAppLaunchConfigurationDelegate.java:293)
	at com.xilinx.sdk.debug.ui.XilinxAppLaunchDelegateWrapper.launch(XilinxAppLaunchDelegateWrapper.java:31)
	at org.eclipse.debug.internal.core.LaunchConfiguration.launch(LaunchConfiguration.java:858)
	at org.eclipse.debug.internal.core.LaunchConfiguration.launch(LaunchConfiguration.java:707)
	at org.eclipse.debug.internal.ui.DebugUIPlugin.buildAndLaunch(DebugUIPlugin.java:1018)
	at org.eclipse.debug.internal.ui.DebugUIPlugin$8.run(DebugUIPlugin.java:1222)
	at org.eclipse.core.internal.jobs.Worker.run(Worker.java:53)
10:16:18 INFO  : System reset is completed.
10:16:20 INFO  : FPGA configured successfully with bitstream "/home/fel/Vivado_Projects/wSumIntegration/wSumIntegration.sdk/design_1_wrapper_hw_platform_0/design_1_wrapper.bit"
10:16:22 INFO  : ps7_init is completed.
10:16:22 INFO  : ps7_post_config is completed.
10:17:19 ERROR : Unexpected error while launching program.
com.xilinx.sdk.targetmanager.TMException: 
    Unknown Error Occured
    Cable is not powered-on

	at com.xilinx.sdk.targetmanager.internal.TM.connectToProcessor(TM.java:481)
	at com.xilinx.sdk.debug.core.XilinxAppLaunchConfigurationDelegate.runTargetSetup(XilinxAppLaunchConfigurationDelegate.java:432)
	at com.xilinx.sdk.debug.core.XilinxAppLaunchConfigurationDelegate.runApplication(XilinxAppLaunchConfigurationDelegate.java:584)
	at com.xilinx.sdk.debug.core.XilinxAppLaunchConfigurationDelegate.launch(XilinxAppLaunchConfigurationDelegate.java:293)
	at com.xilinx.sdk.debug.ui.XilinxAppLaunchDelegateWrapper.launch(XilinxAppLaunchDelegateWrapper.java:31)
	at org.eclipse.debug.internal.core.LaunchConfiguration.launch(LaunchConfiguration.java:858)
	at org.eclipse.debug.internal.core.LaunchConfiguration.launch(LaunchConfiguration.java:707)
	at org.eclipse.debug.internal.ui.DebugUIPlugin.buildAndLaunch(DebugUIPlugin.java:1018)
	at org.eclipse.debug.internal.ui.DebugUIPlugin$8.run(DebugUIPlugin.java:1222)
	at org.eclipse.core.internal.jobs.Worker.run(Worker.java:53)
10:17:52 INFO  : System reset is completed.
10:17:53 INFO  : FPGA configured successfully with bitstream "/home/fel/Vivado_Projects/wSumIntegration/wSumIntegration.sdk/design_1_wrapper_hw_platform_0/design_1_wrapper.bit"
10:17:55 INFO  : ps7_init is completed.
10:17:55 INFO  : ps7_post_config is completed.
10:22:25 ERROR : Unexpected error while launching program.
com.xilinx.sdk.targetmanager.TMException: 
    Unknown Error Occured
    Cable is not powered-on

	at com.xilinx.sdk.targetmanager.internal.TM.connectToProcessor(TM.java:481)
	at com.xilinx.sdk.debug.core.XilinxAppLaunchConfigurationDelegate.runTargetSetup(XilinxAppLaunchConfigurationDelegate.java:432)
	at com.xilinx.sdk.debug.core.XilinxAppLaunchConfigurationDelegate.runApplication(XilinxAppLaunchConfigurationDelegate.java:584)
	at com.xilinx.sdk.debug.core.XilinxAppLaunchConfigurationDelegate.launch(XilinxAppLaunchConfigurationDelegate.java:293)
	at com.xilinx.sdk.debug.ui.XilinxAppLaunchDelegateWrapper.launch(XilinxAppLaunchDelegateWrapper.java:31)
	at org.eclipse.debug.internal.core.LaunchConfiguration.launch(LaunchConfiguration.java:858)
	at org.eclipse.debug.internal.core.LaunchConfiguration.launch(LaunchConfiguration.java:707)
	at org.eclipse.debug.internal.ui.DebugUIPlugin.buildAndLaunch(DebugUIPlugin.java:1018)
	at org.eclipse.debug.internal.ui.DebugUIPlugin$8.run(DebugUIPlugin.java:1222)
	at org.eclipse.core.internal.jobs.Worker.run(Worker.java:53)
10:22:54 ERROR : Unexpected error while launching program.
com.xilinx.sdk.targetmanager.TMException: 
    Unknown Error Occured
    Cable is not powered-on

	at com.xilinx.sdk.targetmanager.internal.TM.connectToProcessor(TM.java:481)
	at com.xilinx.sdk.debug.core.XilinxAppLaunchConfigurationDelegate.runTargetSetup(XilinxAppLaunchConfigurationDelegate.java:432)
	at com.xilinx.sdk.debug.core.XilinxAppLaunchConfigurationDelegate.runApplication(XilinxAppLaunchConfigurationDelegate.java:584)
	at com.xilinx.sdk.debug.core.XilinxAppLaunchConfigurationDelegate.launch(XilinxAppLaunchConfigurationDelegate.java:293)
	at com.xilinx.sdk.debug.ui.XilinxAppLaunchDelegateWrapper.launch(XilinxAppLaunchDelegateWrapper.java:31)
	at org.eclipse.debug.internal.core.LaunchConfiguration.launch(LaunchConfiguration.java:858)
	at org.eclipse.debug.internal.core.LaunchConfiguration.launch(LaunchConfiguration.java:707)
	at org.eclipse.debug.internal.ui.DebugUIPlugin.buildAndLaunch(DebugUIPlugin.java:1018)
	at org.eclipse.debug.internal.ui.DebugUIPlugin$8.run(DebugUIPlugin.java:1222)
	at org.eclipse.core.internal.jobs.Worker.run(Worker.java:53)
10:23:00 ERROR : Unexpected error while launching program.
com.xilinx.sdk.targetmanager.TMException: 
    Unknown Error Occured
    Cable is not powered-on

	at com.xilinx.sdk.targetmanager.internal.TM.connectToProcessor(TM.java:481)
	at com.xilinx.sdk.debug.core.XilinxAppLaunchConfigurationDelegate.runTargetSetup(XilinxAppLaunchConfigurationDelegate.java:432)
	at com.xilinx.sdk.debug.core.XilinxAppLaunchConfigurationDelegate.runApplication(XilinxAppLaunchConfigurationDelegate.java:584)
	at com.xilinx.sdk.debug.core.XilinxAppLaunchConfigurationDelegate.launch(XilinxAppLaunchConfigurationDelegate.java:293)
	at com.xilinx.sdk.debug.ui.XilinxAppLaunchDelegateWrapper.launch(XilinxAppLaunchDelegateWrapper.java:31)
	at org.eclipse.debug.internal.core.LaunchConfiguration.launch(LaunchConfiguration.java:858)
	at org.eclipse.debug.internal.core.LaunchConfiguration.launch(LaunchConfiguration.java:707)
	at org.eclipse.debug.internal.ui.DebugUIPlugin.buildAndLaunch(DebugUIPlugin.java:1018)
	at org.eclipse.debug.internal.ui.DebugUIPlugin$8.run(DebugUIPlugin.java:1222)
	at org.eclipse.core.internal.jobs.Worker.run(Worker.java:53)
10:23:59 ERROR : Unexpected error while launching program.
com.xilinx.sdk.targetmanager.TMException: 
    Unknown Error Occured
    Cable is not powered-on

	at com.xilinx.sdk.targetmanager.internal.TM.connectToProcessor(TM.java:481)
	at com.xilinx.sdk.debug.core.XilinxAppLaunchConfigurationDelegate.runTargetSetup(XilinxAppLaunchConfigurationDelegate.java:432)
	at com.xilinx.sdk.debug.core.XilinxAppLaunchConfigurationDelegate.runApplication(XilinxAppLaunchConfigurationDelegate.java:584)
	at com.xilinx.sdk.debug.core.XilinxAppLaunchConfigurationDelegate.launch(XilinxAppLaunchConfigurationDelegate.java:293)
	at com.xilinx.sdk.debug.ui.XilinxAppLaunchDelegateWrapper.launch(XilinxAppLaunchDelegateWrapper.java:31)
	at org.eclipse.debug.internal.core.LaunchConfiguration.launch(LaunchConfiguration.java:858)
	at org.eclipse.debug.internal.core.LaunchConfiguration.launch(LaunchConfiguration.java:707)
	at org.eclipse.debug.internal.ui.DebugUIPlugin.buildAndLaunch(DebugUIPlugin.java:1018)
	at org.eclipse.debug.internal.ui.DebugUIPlugin$8.run(DebugUIPlugin.java:1222)
	at org.eclipse.core.internal.jobs.Worker.run(Worker.java:53)
10:24:06 ERROR : Unexpected error while launching program.
com.xilinx.sdk.targetmanager.TMException: 
    Unknown Error Occured
    Cable is not powered-on

	at com.xilinx.sdk.targetmanager.internal.TM.connectToProcessor(TM.java:481)
	at com.xilinx.sdk.debug.core.XilinxAppLaunchConfigurationDelegate.runTargetSetup(XilinxAppLaunchConfigurationDelegate.java:432)
	at com.xilinx.sdk.debug.core.XilinxAppLaunchConfigurationDelegate.runApplication(XilinxAppLaunchConfigurationDelegate.java:584)
	at com.xilinx.sdk.debug.core.XilinxAppLaunchConfigurationDelegate.launch(XilinxAppLaunchConfigurationDelegate.java:293)
	at com.xilinx.sdk.debug.ui.XilinxAppLaunchDelegateWrapper.launch(XilinxAppLaunchDelegateWrapper.java:31)
	at org.eclipse.debug.internal.core.LaunchConfiguration.launch(LaunchConfiguration.java:858)
	at org.eclipse.debug.internal.core.LaunchConfiguration.launch(LaunchConfiguration.java:707)
	at org.eclipse.debug.internal.ui.DebugUIPlugin.buildAndLaunch(DebugUIPlugin.java:1018)
	at org.eclipse.debug.internal.ui.DebugUIPlugin$8.run(DebugUIPlugin.java:1222)
	at org.eclipse.core.internal.jobs.Worker.run(Worker.java:53)
10:24:26 INFO  : System reset is completed.
10:24:28 INFO  : FPGA configured successfully with bitstream "/home/fel/Vivado_Projects/wSumIntegration/wSumIntegration.sdk/design_1_wrapper_hw_platform_0/design_1_wrapper.bit"
10:24:30 INFO  : ps7_init is completed.
10:24:30 INFO  : ps7_post_config is completed.
10:25:57 ERROR : Unexpected error while launching program.
com.xilinx.sdk.targetmanager.TMException: 
    Unknown Error Occured
    Cable is not powered-on

	at com.xilinx.sdk.targetmanager.internal.TM.connectToProcessor(TM.java:481)
	at com.xilinx.sdk.debug.core.XilinxAppLaunchConfigurationDelegate.runTargetSetup(XilinxAppLaunchConfigurationDelegate.java:432)
	at com.xilinx.sdk.debug.core.XilinxAppLaunchConfigurationDelegate.runApplication(XilinxAppLaunchConfigurationDelegate.java:584)
	at com.xilinx.sdk.debug.core.XilinxAppLaunchConfigurationDelegate.launch(XilinxAppLaunchConfigurationDelegate.java:293)
	at com.xilinx.sdk.debug.ui.XilinxAppLaunchDelegateWrapper.launch(XilinxAppLaunchDelegateWrapper.java:31)
	at org.eclipse.debug.internal.core.LaunchConfiguration.launch(LaunchConfiguration.java:858)
	at org.eclipse.debug.internal.core.LaunchConfiguration.launch(LaunchConfiguration.java:707)
	at org.eclipse.debug.internal.ui.DebugUIPlugin.buildAndLaunch(DebugUIPlugin.java:1018)
	at org.eclipse.debug.internal.ui.DebugUIPlugin$8.run(DebugUIPlugin.java:1222)
	at org.eclipse.core.internal.jobs.Worker.run(Worker.java:53)
10:30:05 INFO  : System reset is completed.
10:30:06 INFO  : FPGA configured successfully with bitstream "/home/fel/Vivado_Projects/wSumIntegration/wSumIntegration.sdk/design_1_wrapper_hw_platform_0/design_1_wrapper.bit"
10:30:08 INFO  : ps7_init is completed.
10:30:08 INFO  : ps7_post_config is completed.
10:32:03 ERROR : Unexpected error while parsing XMD response ￿: com.google.gson.JsonSyntaxException: com.google.gson.stream.MalformedJsonException: invalid number or unquoted string near 
