#-----------------------------------------------------------
# Vivado v2015.4 (64-bit)
# SW Build 1412921 on Wed Nov 18 09:44:32 MST 2015
# IP Build 1412160 on Tue Nov 17 13:47:24 MST 2015
# Start of session at: Thu Dec  3 12:16:44 2015
# Process ID: 13295
# Current directory: /home/kugel/temp/hdmi/zybo/ip
# Command line: vivado
# Log file: /home/kugel/temp/hdmi/zybo/ip/vivado.log
# Journal file: /home/kugel/temp/hdmi/zybo/ip/vivado.jou
#-----------------------------------------------------------
start_gui
open_project /home/kugel/temp/hdmi/zybo/hdmiPasThrough/hdmiPasThrough.xpr
Scanning sources...
Finished scanning sources
INFO: [IP_Flow 19-234] Refreshing IP repositories
INFO: [IP_Flow 19-1700] Loaded user IP repository '/home/kugel/temp/hdmi/zybo/ip'.
INFO: [IP_Flow 19-2313] Loaded Vivado IP repository '/opt/xilinx/Vivado/2015.4/data/ip'.
open_bd_design {/home/kugel/temp/hdmi/zybo/hdmiPasThrough/hdmiPasThrough.srcs/sources_1/bd/design_1/design_1.bd}
Adding component instance block -- user.org:user:hdmi_rx:1.0 - hdmi_rx_0
Adding component instance block -- xilinx.com:ip:processing_system7:5.5 - processing_system7_0
Adding component instance block -- xilinx.com:ip:xlconstant:1.1 - xlconstant_0
Adding component instance block -- user.org:user:tbuf:1.0 - tbuf_0
Successfully read diagram <design_1> from BD file </home/kugel/temp/hdmi/zybo/hdmiPasThrough/hdmiPasThrough.srcs/sources_1/bd/design_1/design_1.bd>
set_property location {2.5 1247 245} [get_bd_cells top]
startgroup
set_property location {520 246} [get_bd_ports HDMI_CLK_N]
set_property location {520 266} [get_bd_ports HDMI_D_P]
set_property location {520 186} [get_bd_ports HDMI_CLK_P]
set_property location {520 286} [get_bd_ports HDMI_D_N]
endgroup
startgroup
set_property location {731 204} [get_bd_ports HDMI_CLK_N]
set_property location {731 224} [get_bd_ports HDMI_D_P]
set_property location {731 244} [get_bd_ports HDMI_D_N]
set_property location {731 134} [get_bd_ports HDMI_CLK_P]
endgroup
regenerate_bd_layout
save_bd_design
regenerate_bd_layout -hierarchy [get_bd_cell top]
save_bd_design
exit
INFO: [Common 17-206] Exiting Vivado at Thu Dec  3 12:29:46 2015...
